<?xml version="1.0" encoding="UTF-8"?>
<testng-results ignored="0" total="1" passed="1" failed="0" skipped="0">
  <reporter-output>
  </reporter-output>
  <suite started-at="2024-08-03T22:40:12 IST" name="Default suite" finished-at="2024-08-03T22:41:05 IST" duration-ms="53105">
    <groups>
    </groups>
    <test started-at="2024-08-03T22:40:12 IST" name="Default test" finished-at="2024-08-03T22:41:05 IST" duration-ms="53105">
      <class name="Fitpeo.test.RevenueCalculatorTest">
        <test-method is-config="true" signature="setup()[pri:0, instance:Fitpeo.test.RevenueCalculatorTest@235ecd9f]" started-at="2024-08-03T22:40:12 IST" name="setup" finished-at="2024-08-03T22:40:16 IST" duration-ms="3839" status="PASS">
          <reporter-output>
          </reporter-output>
        </test-method> <!-- setup -->
        <test-method signature="fitPeoHomePage()[pri:0, instance:Fitpeo.test.RevenueCalculatorTest@235ecd9f]" started-at="2024-08-03T22:40:16 IST" name="fitPeoHomePage" finished-at="2024-08-03T22:41:05 IST" duration-ms="49153" status="PASS">
          <reporter-output>
          </reporter-output>
        </test-method> <!-- fitPeoHomePage -->
        <test-method is-config="true" signature="wrapup()[pri:0, instance:Fitpeo.test.RevenueCalculatorTest@235ecd9f]" started-at="2024-08-03T22:41:05 IST" name="wrapup" finished-at="2024-08-03T22:41:05 IST" duration-ms="1" status="PASS">
          <reporter-output>
          </reporter-output>
        </test-method> <!-- wrapup -->
      </class> <!-- Fitpeo.test.RevenueCalculatorTest -->
    </test> <!-- Default test -->
  </suite> <!-- Default suite -->
</testng-results>
